Arguments: 
  /usr/bin/node /usr/share/yarn/bin/yarn.js install

PATH: 
  /usr/local/sbin:/usr/local/bin:/usr/sbin:/usr/bin:/sbin:/bin:/usr/games:/usr/local/games:/snap/bin

Yarn version: 
  1.22.4

Node version: 
  12.18.1

Platform: 
  linux x64

Trace: 
  Error: https://registry.yarnpkg.com/@fortawesome%2ffontawesome-pro: Not found
      at Request.params.callback [as _callback] (/usr/share/yarn/lib/cli.js:66987:18)
      at Request.self.callback (/usr/share/yarn/lib/cli.js:140748:22)
      at Request.emit (events.js:315:20)
      at Request.<anonymous> (/usr/share/yarn/lib/cli.js:141720:10)
      at Request.emit (events.js:315:20)
      at IncomingMessage.<anonymous> (/usr/share/yarn/lib/cli.js:141642:12)
      at Object.onceWrapper (events.js:421:28)
      at IncomingMessage.emit (events.js:327:22)
      at endReadableNT (_stream_readable.js:1221:12)
      at processTicksAndRejections (internal/process/task_queues.js:84:21)

npm manifest: 
  {
  	"scripts": {
  		"dev": "gulp watch",
  		"prod": "gulp"
  	},
  	"devDependencies": {
  		"@babel/core": "^7.5.4",
  		"@babel/plugin-proposal-class-properties": "^7.5.5",
  		"@babel/plugin-proposal-optional-chaining": "^7.2.0",
  		"@babel/preset-env": "^7.5.4",
  		"@babel/preset-es2016": "^7.0.0-beta.53",
  		"autoprefixer": "^9.6.1",
  		"babel-loader": "^8.0.6",
  		"babel-preset-env": "^1.7.0",
  		"babel-preset-es2015": "^6.24.1",
  		"cross-env": "^5.1",
  		"cssnano": "^4.1.10",
  		"gulp": "^4.0.2",
  		"gulp-babel": "^8.0.0",
  		"gulp-brotli": "^1.2.2",
  		"gulp-concat": "^2.6.1",
  		"gulp-cssimport": "^7.0.0",
  		"gulp-gzip": "^1.4.2",
  		"gulp-postcss": "^8.0.0",
  		"gulp-purgecss": "^1.2.0",
  		"gulp-replace": "^1.0.0",
  		"gulp-uglify": "^3.0.2",
  		"postcss": "^6.0.19",
  		"postcss-loader": "^2.1.1",
  		"postcss-nested": "^4.1.2",
  		"tailwindcss": "^1.0",
  		"tailwindcss-blend-mode": "^1.0.0",
  		"tailwindcss-transforms": "^2.2.0",
  		"tailwindcss-transitions": "^2.0.1"
  	},
  	"dependencies": {
  		"@fortawesome/fontawesome-pro": "^5.12.0",
  		"hamburgers": "^1.1.3",
  		"jquery": "^3.4.1",
  		"lazysizes": "^5.1.1",
  		"tailwindcss-aspect-ratio": "^2.0.0",
  		"tailwindcss-gradients": "^3.0.0"
  	}
  }

yarn manifest: 
  No manifest

Lockfile: 
  No lockfile
